[
  {
    "Plan": {
      "Node Type": "Limit",
      "Parallel Aware": false,
      "Async Capable": false,
      "Startup Cost": 2.03,
      "Total Cost": 3.56,
      "Plan Rows": 5,
      "Plan Width": 14,
      "Actual Startup Time": 66.126,
      "Actual Total Time": 66.127,
      "Actual Rows": 0,
      "Actual Loops": 1,
      "Output": ["table1.id1", "table1.id2", "table1.gen2"],
      "Shared Hit Blocks": 4086,
      "Shared Read Blocks": 0,
      "Shared Dirtied Blocks": 0,
      "Shared Written Blocks": 0,
      "Local Hit Blocks": 0,
      "Local Read Blocks": 0,
      "Local Dirtied Blocks": 0,
      "Local Written Blocks": 0,
      "Temp Read Blocks": 0,
      "Temp Written Blocks": 0,
      "Plans": [
        {
          "Node Type": "Merge Join",
          "Parent Relationship": "Outer",
          "Parallel Aware": false,
          "Async Capable": false,
          "Join Type": "Semi",
          "Startup Cost": 2.03,
          "Total Cost": 20359.92,
          "Plan Rows": 66666,
          "Plan Width": 14,
          "Actual Startup Time": 66.125,
          "Actual Total Time": 66.125,
          "Actual Rows": 0,
          "Actual Loops": 1,
          "Output": ["table1.id1", "table1.id2", "table1.gen2"],
          "Inner Unique": false,
          "Merge Cond": "(table1.id1 = table2.id1)",
          "Shared Hit Blocks": 4086,
          "Shared Read Blocks": 0,
          "Shared Dirtied Blocks": 0,
          "Shared Written Blocks": 0,
          "Local Hit Blocks": 0,
          "Local Read Blocks": 0,
          "Local Dirtied Blocks": 0,
          "Local Written Blocks": 0,
          "Temp Read Blocks": 0,
          "Temp Written Blocks": 0,
          "Plans": [
            {
              "Node Type": "Index Scan",
              "Parent Relationship": "Outer",
              "Parallel Aware": false,
              "Async Capable": false,
              "Scan Direction": "Forward",
              "Index Name": "table1_pkey",
              "Relation Name": "table1",
              "Schema": "public",
              "Alias": "table1",
              "Startup Cost": 0.42,
              "Total Cost": 9033.92,
              "Plan Rows": 200000,
              "Plan Width": 14,
              "Actual Startup Time": 0.011,
              "Actual Total Time": 0.011,
              "Actual Rows": 1,
              "Actual Loops": 1,
              "Output": ["table1.id1", "table1.id2", "table1.gen1", "table1.gen2"],
              "Shared Hit Blocks": 4,
              "Shared Read Blocks": 0,
              "Shared Dirtied Blocks": 0,
              "Shared Written Blocks": 0,
              "Local Hit Blocks": 0,
              "Local Read Blocks": 0,
              "Local Dirtied Blocks": 0,
              "Local Written Blocks": 0,
              "Temp Read Blocks": 0,
              "Temp Written Blocks": 0
            },
            {
              "Node Type": "Index Scan",
              "Parent Relationship": "Inner",
              "Parallel Aware": false,
              "Async Capable": false,
              "Scan Direction": "Forward",
              "Index Name": "table2_pkey",
              "Relation Name": "table2",
              "Schema": "public",
              "Alias": "table2",
              "Startup Cost": 0.42,
              "Total Cost": 20052.05,
              "Plan Rows": 133333,
              "Plan Width": 4,
              "Actual Startup Time": 66.111,
              "Actual Total Time": 66.111,
              "Actual Rows": 0,
              "Actual Loops": 1,
              "Output": ["table2.id1", "table2.id2", "table2.gen1", "table2.gen2"],
              "Filter": "(length(table2.gen2) > 6)",
              "Rows Removed by Filter": 400000,
              "Shared Hit Blocks": 4082,
              "Shared Read Blocks": 0,
              "Shared Dirtied Blocks": 0,
              "Shared Written Blocks": 0,
              "Local Hit Blocks": 0,
              "Local Read Blocks": 0,
              "Local Dirtied Blocks": 0,
              "Local Written Blocks": 0,
              "Temp Read Blocks": 0,
              "Temp Written Blocks": 0
            }
          ]
        }
      ]
    },
    "Planning": {
      "Shared Hit Blocks": 12,
      "Shared Read Blocks": 0,
      "Shared Dirtied Blocks": 0,
      "Shared Written Blocks": 0,
      "Local Hit Blocks": 0,
      "Local Read Blocks": 0,
      "Local Dirtied Blocks": 0,
      "Local Written Blocks": 0,
      "Temp Read Blocks": 0,
      "Temp Written Blocks": 0
    },
    "Planning Time": 0.305,
    "Triggers": [
    ],
    "Execution Time": 66.156
  }
]