[
  {
    "Plan": {
      "Node Type": "Merge Join",
      "Parallel Aware": false,
      "Async Capable": false,
      "Join Type": "Inner",
      "Startup Cost": 2.03,
      "Total Cost": 21028.82,
      "Plan Rows": 200000,
      "Plan Width": 40,
      "Actual Startup Time": 0.025,
      "Actual Total Time": 94.623,
      "Actual Rows": 200000,
      "Actual Loops": 1,
      "Output": ["table1.id1", "table1.id2", "table1.gen1", "table1.gen2", "table2.id1", "table2.id2", "table2.gen1", "table2.gen2"],
      "Inner Unique": false,
      "Merge Cond": "(table1.id1 = table2.id1)",
      "Shared Hit Blocks": 4084,
      "Shared Read Blocks": 0,
      "Shared Dirtied Blocks": 0,
      "Shared Written Blocks": 0,
      "Local Hit Blocks": 0,
      "Local Read Blocks": 0,
      "Local Dirtied Blocks": 0,
      "Local Written Blocks": 0,
      "Temp Read Blocks": 0,
      "Temp Written Blocks": 0,
      "Plans": [
        {
          "Node Type": "Index Scan",
          "Parent Relationship": "Outer",
          "Parallel Aware": false,
          "Async Capable": false,
          "Scan Direction": "Forward",
          "Index Name": "table1_pkey",
          "Relation Name": "table1",
          "Schema": "public",
          "Alias": "table1",
          "Startup Cost": 0.42,
          "Total Cost": 9033.92,
          "Plan Rows": 200000,
          "Plan Width": 20,
          "Actual Startup Time": 0.012,
          "Actual Total Time": 21.281,
          "Actual Rows": 200000,
          "Actual Loops": 1,
          "Output": ["table1.id1", "table1.id2", "table1.gen1", "table1.gen2"],
          "Shared Hit Blocks": 2042,
          "Shared Read Blocks": 0,
          "Shared Dirtied Blocks": 0,
          "Shared Written Blocks": 0,
          "Local Hit Blocks": 0,
          "Local Read Blocks": 0,
          "Local Dirtied Blocks": 0,
          "Local Written Blocks": 0,
          "Temp Read Blocks": 0,
          "Temp Written Blocks": 0
        },
        {
          "Node Type": "Index Scan",
          "Parent Relationship": "Inner",
          "Parallel Aware": false,
          "Async Capable": false,
          "Scan Direction": "Forward",
          "Index Name": "table2_pkey",
          "Relation Name": "table2",
          "Schema": "public",
          "Alias": "table2",
          "Startup Cost": 0.42,
          "Total Cost": 18052.05,
          "Plan Rows": 400000,
          "Plan Width": 20,
          "Actual Startup Time": 0.009,
          "Actual Total Time": 22.061,
          "Actual Rows": 200001,
          "Actual Loops": 1,
          "Output": ["table2.id1", "table2.id2", "table2.gen1", "table2.gen2"],
          "Shared Hit Blocks": 2042,
          "Shared Read Blocks": 0,
          "Shared Dirtied Blocks": 0,
          "Shared Written Blocks": 0,
          "Local Hit Blocks": 0,
          "Local Read Blocks": 0,
          "Local Dirtied Blocks": 0,
          "Local Written Blocks": 0,
          "Temp Read Blocks": 0,
          "Temp Written Blocks": 0
        }
      ]
    },
    "Planning": {
      "Shared Hit Blocks": 12,
      "Shared Read Blocks": 0,
      "Shared Dirtied Blocks": 0,
      "Shared Written Blocks": 0,
      "Local Hit Blocks": 0,
      "Local Read Blocks": 0,
      "Local Dirtied Blocks": 0,
      "Local Written Blocks": 0,
      "Temp Read Blocks": 0,
      "Temp Written Blocks": 0
    },
    "Planning Time": 0.276,
    "Triggers": [
    ],
    "Execution Time": 100.433
  }
]