[
  {
    "Plan": {
      "Node Type": "Hash Join",
      "Parallel Aware": false,
      "Async Capable": false,
      "Join Type": "Inner",
      "Startup Cost": 953.09,
      "Total Cost": 9198.45,
      "Plan Rows": 19836,
      "Plan Width": 16,
      "Actual Startup Time": 4.544,
      "Actual Total Time": 70.641,
      "Actual Rows": 20000,
      "Actual Loops": 1,
      "Output": ["t1.id1", "t1.gen1", "t2.gen2"],
      "Inner Unique": false,
      "Hash Cond": "(t2.id1 = t1.id1)",
      "Shared Hit Blocks": 2627,
      "Shared Read Blocks": 0,
      "Shared Dirtied Blocks": 0,
      "Shared Written Blocks": 0,
      "Local Hit Blocks": 0,
      "Local Read Blocks": 0,
      "Local Dirtied Blocks": 0,
      "Local Written Blocks": 0,
      "Temp Read Blocks": 0,
      "Temp Written Blocks": 0,
      "Plans": [
        {
          "Node Type": "Seq Scan",
          "Parent Relationship": "Outer",
          "Parallel Aware": false,
          "Async Capable": false,
          "Relation Name": "table2",
          "Schema": "public",
          "Alias": "t2",
          "Startup Cost": 0.00,
          "Total Cost": 6547.00,
          "Plan Rows": 400000,
          "Plan Width": 10,
          "Actual Startup Time": 0.019,
          "Actual Total Time": 20.688,
          "Actual Rows": 400000,
          "Actual Loops": 1,
          "Output": ["t2.id1", "t2.id2", "t2.gen1", "t2.gen2"],
          "Shared Hit Blocks": 2547,
          "Shared Read Blocks": 0,
          "Shared Dirtied Blocks": 0,
          "Shared Written Blocks": 0,
          "Local Hit Blocks": 0,
          "Local Read Blocks": 0,
          "Local Dirtied Blocks": 0,
          "Local Written Blocks": 0,
          "Temp Read Blocks": 0,
          "Temp Written Blocks": 0
        },
        {
          "Node Type": "Hash",
          "Parent Relationship": "Inner",
          "Parallel Aware": false,
          "Async Capable": false,
          "Startup Cost": 705.14,
          "Total Cost": 705.14,
          "Plan Rows": 19836,
          "Plan Width": 10,
          "Actual Startup Time": 4.428,
          "Actual Total Time": 4.429,
          "Actual Rows": 20000,
          "Actual Loops": 1,
          "Output": ["t1.id1", "t1.gen1"],
          "Hash Buckets": 32768,
          "Original Hash Buckets": 32768,
          "Hash Batches": 1,
          "Original Hash Batches": 1,
          "Peak Memory Usage": 1066,
          "Shared Hit Blocks": 80,
          "Shared Read Blocks": 0,
          "Shared Dirtied Blocks": 0,
          "Shared Written Blocks": 0,
          "Local Hit Blocks": 0,
          "Local Read Blocks": 0,
          "Local Dirtied Blocks": 0,
          "Local Written Blocks": 0,
          "Temp Read Blocks": 0,
          "Temp Written Blocks": 0,
          "Plans": [
            {
              "Node Type": "Index Only Scan",
              "Parent Relationship": "Outer",
              "Parallel Aware": false,
              "Async Capable": false,
              "Scan Direction": "Forward",
              "Index Name": "table1_pkey",
              "Relation Name": "table1",
              "Schema": "public",
              "Alias": "t1",
              "Startup Cost": 0.42,
              "Total Cost": 705.14,
              "Plan Rows": 19836,
              "Plan Width": 10,
              "Actual Startup Time": 0.039,
              "Actual Total Time": 2.177,
              "Actual Rows": 20000,
              "Actual Loops": 1,
              "Output": ["t1.id1", "t1.gen1"],
              "Index Cond": "((t1.id1 >= 1) AND (t1.id1 <= 20000))",
              "Rows Removed by Index Recheck": 0,
              "Heap Fetches": 0,
              "Shared Hit Blocks": 80,
              "Shared Read Blocks": 0,
              "Shared Dirtied Blocks": 0,
              "Shared Written Blocks": 0,
              "Local Hit Blocks": 0,
              "Local Read Blocks": 0,
              "Local Dirtied Blocks": 0,
              "Local Written Blocks": 0,
              "Temp Read Blocks": 0,
              "Temp Written Blocks": 0
            }
          ]
        }
      ]
    },
    "Planning": {
      "Shared Hit Blocks": 19,
      "Shared Read Blocks": 0,
      "Shared Dirtied Blocks": 0,
      "Shared Written Blocks": 0,
      "Local Hit Blocks": 0,
      "Local Read Blocks": 0,
      "Local Dirtied Blocks": 0,
      "Local Written Blocks": 0,
      "Temp Read Blocks": 0,
      "Temp Written Blocks": 0
    },
    "Planning Time": 4.340,
    "Triggers": [
    ],
    "Execution Time": 71.397
  }
]